<?xml version="1.0" encoding="UTF-8"?>
<!-- Generated by org.testng.reporters.JUnitXMLReporter -->
<testsuite ignored="4" hostname="DELL-LAPTOP" failures="0" tests="0" time="0.02" errors="0" timestamp="2021-07-15T10:03:26 CDT">
  <testcase classname="tests.Class1" name="test2" time="0.0">
    <ignored/>
  </testcase> <!-- test2 -->
  <testcase classname="tests.Class2" name="test3" time="0.0">
    <ignored/>
  </testcase> <!-- test3 -->
  <testcase classname="tests.Class2" name="test4" time="0.0">
    <ignored/>
  </testcase> <!-- test4 -->
  <testcase classname="tests.Class1" name="test1" time="0.0">
    <ignored/>
  </testcase> <!-- test1 -->
</testsuite>
